execution_time from_name: 0.0012650999997276813
execution_time turn_on: 0.1844097999855876
execution_time from_name: 0.005368300015106797
execution_time from_name: 0.003803100000368431
turn_off_room called with room_name=Zimmer 1
execution_time from_name: 0.0013681999989785254
turn_off_room called with room_name=Zimmer 1
execution_time from_name: 0.0014114999794401228
execution_time from_name: 0.12431600000127219
execution_time from_name: 0.1494994999957271
execution_time from_name: 0.1273298000160139
execution_time from_name: 0.12821959998109378
execution_time from_name: 0.12984370000776835
execution_time from_name: 0.12860840000212193
execution_time turn_off: 0.0741126999782864
execution_time from_name: 0.1494720999908168
execution_time turn_on: 0.01429289998486638
execution_time from_name: 0.13160280001466163
execution_time turn_on: 0.013402100012172014
execution_time from_name: 0.1357828000036534
execution_time turn_off: 0.013074299989966676
execution_time from_name: 0.13863779997336678
execution_time turn_on: 0.07788259998778813
execution_time from_name: 0.0018273000023327768
execution_time turn_off: 0.16605929998331703
execution_time from_name: 0.004047399997944012
execution_time turn_on: 0.17816889999085106
execution_time from_name: 0.001316600013524294
execution_time turn_off: 0.1774361000279896
execution_time from_name: 0.1457619000284467
execution_time turn_on: 0.013009799993596971
execution_time from_name: 0.13549499999498948
execution_time turn_off: 1.6400008462369442e-05
execution_time turn_on: 0.17811790000996552
